<?xml version="1.0" encoding="UTF-8"?>
<testng-results ignored="0" total="3" passed="2" failed="1" skipped="0">
  <reporter-output>
    <line>
      <![CDATA[TEST-1 Reporting]]>
    </line>
  </reporter-output>
  <suite started-at="2021-06-08T02:33:57Z" name="Default suite" finished-at="2021-06-08T02:33:58Z" duration-ms="72">
    <groups>
    </groups>
    <test started-at="2021-06-08T02:33:57Z" name="Default test" finished-at="2021-06-08T02:33:58Z" duration-ms="72">
      <class name="tesNGBasics.test1Class">
        <test-method is-config="true" signature="beforeSuite()[pri:0, instance:tesNGBasics.test1Class@470734c3]" started-at="2021-06-08T02:33:57Z" name="beforeSuite" finished-at="2021-06-08T02:33:57Z" duration-ms="18" status="PASS">
          <reporter-output>
          </reporter-output>
        </test-method> <!-- beforeSuite -->
        <test-method is-config="true" signature="beforeTest()[pri:0, instance:tesNGBasics.test1Class@470734c3]" started-at="2021-06-08T02:33:57Z" name="beforeTest" finished-at="2021-06-08T02:33:57Z" duration-ms="1" status="PASS">
          <reporter-output>
          </reporter-output>
        </test-method> <!-- beforeTest -->
        <test-method is-config="true" signature="beforeClass()[pri:0, instance:tesNGBasics.test1Class@470734c3]" started-at="2021-06-08T02:33:57Z" name="beforeClass" finished-at="2021-06-08T02:33:57Z" duration-ms="1" status="PASS">
          <reporter-output>
          </reporter-output>
        </test-method> <!-- beforeClass -->
        <test-method is-config="true" signature="beforeMethod()[pri:0, instance:tesNGBasics.test1Class@470734c3]" started-at="2021-06-08T02:33:58Z" name="beforeMethod" finished-at="2021-06-08T02:33:58Z" duration-ms="1" status="PASS">
          <reporter-output>
          </reporter-output>
        </test-method> <!-- beforeMethod -->
        <test-method signature="method1()[pri:0, instance:tesNGBasics.test1Class@470734c3]" started-at="2021-06-08T02:33:58Z" name="method1" finished-at="2021-06-08T02:33:58Z" duration-ms="7" status="PASS">
          <reporter-output>
            <line>
              <![CDATA[TEST-1 Reporting]]>
            </line>
          </reporter-output>
        </test-method> <!-- method1 -->
        <test-method is-config="true" signature="afterMethod()[pri:0, instance:tesNGBasics.test1Class@470734c3]" started-at="2021-06-08T02:33:58Z" name="afterMethod" finished-at="2021-06-08T02:33:58Z" duration-ms="0" status="PASS">
          <reporter-output>
          </reporter-output>
        </test-method> <!-- afterMethod -->
        <test-method is-config="true" signature="beforeMethod()[pri:0, instance:tesNGBasics.test1Class@470734c3]" started-at="2021-06-08T02:33:58Z" name="beforeMethod" finished-at="2021-06-08T02:33:58Z" duration-ms="1" status="PASS">
          <reporter-output>
          </reporter-output>
        </test-method> <!-- beforeMethod -->
        <test-method signature="method2()[pri:0, instance:tesNGBasics.test1Class@470734c3]" started-at="2021-06-08T02:33:58Z" name="method2" finished-at="2021-06-08T02:33:58Z" duration-ms="2" status="PASS">
          <reporter-output>
          </reporter-output>
        </test-method> <!-- method2 -->
        <test-method is-config="true" signature="afterMethod()[pri:0, instance:tesNGBasics.test1Class@470734c3]" started-at="2021-06-08T02:33:58Z" name="afterMethod" finished-at="2021-06-08T02:33:58Z" duration-ms="1" status="PASS">
          <reporter-output>
          </reporter-output>
        </test-method> <!-- afterMethod -->
        <test-method is-config="true" signature="beforeMethod()[pri:0, instance:tesNGBasics.test1Class@470734c3]" started-at="2021-06-08T02:33:58Z" name="beforeMethod" finished-at="2021-06-08T02:33:58Z" duration-ms="1" status="PASS">
          <reporter-output>
          </reporter-output>
        </test-method> <!-- beforeMethod -->
        <test-method signature="method3()[pri:0, instance:tesNGBasics.test1Class@470734c3]" started-at="2021-06-08T02:33:58Z" name="method3" finished-at="2021-06-08T02:33:58Z" duration-ms="8" status="FAIL">
          <exception class="java.lang.AssertionError">
            <message>
              <![CDATA[null]]>
            </message>
            <full-stacktrace>
              <![CDATA[java.lang.AssertionError: null
at org.testng.Assert.fail(Assert.java:96)
at org.testng.Assert.fail(Assert.java:103)
at tesNGBasics.test1Class.method3(test1Class.java:50)
at java.base/jdk.internal.reflect.NativeMethodAccessorImpl.invoke0(Native Method)
at java.base/jdk.internal.reflect.NativeMethodAccessorImpl.invoke(NativeMethodAccessorImpl.java:78)
at java.base/jdk.internal.reflect.DelegatingMethodAccessorImpl.invoke(DelegatingMethodAccessorImpl.java:43)
at java.base/java.lang.reflect.Method.invoke(Method.java:567)
at org.testng.internal.MethodInvocationHelper.invokeMethod(MethodInvocationHelper.java:124)
at org.testng.internal.Invoker.invokeMethod(Invoker.java:583)
at org.testng.internal.Invoker.invokeTestMethod(Invoker.java:719)
at org.testng.internal.Invoker.invokeTestMethods(Invoker.java:989)
at org.testng.internal.TestMethodWorker.invokeTestMethods(TestMethodWorker.java:125)
at org.testng.internal.TestMethodWorker.run(TestMethodWorker.java:109)
at org.testng.TestRunner.privateRun(TestRunner.java:648)
at org.testng.TestRunner.run(TestRunner.java:505)
at org.testng.SuiteRunner.runTest(SuiteRunner.java:455)
at org.testng.SuiteRunner.runSequentially(SuiteRunner.java:450)
at org.testng.SuiteRunner.privateRun(SuiteRunner.java:415)
at org.testng.SuiteRunner.run(SuiteRunner.java:364)
at org.testng.SuiteRunnerWorker.runSuite(SuiteRunnerWorker.java:52)
at org.testng.SuiteRunnerWorker.run(SuiteRunnerWorker.java:84)
at org.testng.TestNG.runSuitesSequentially(TestNG.java:1208)
at org.testng.TestNG.runSuitesLocally(TestNG.java:1137)
at org.testng.TestNG.runSuites(TestNG.java:1049)
at org.testng.TestNG.run(TestNG.java:1017)
at org.testng.remote.AbstractRemoteTestNG.run(AbstractRemoteTestNG.java:115)
at org.testng.remote.RemoteTestNG.initAndRun(RemoteTestNG.java:251)
at org.testng.remote.RemoteTestNG.main(RemoteTestNG.java:77)
]]>
            </full-stacktrace>
          </exception> <!-- java.lang.AssertionError -->
          <reporter-output>
          </reporter-output>
        </test-method> <!-- method3 -->
        <test-method is-config="true" signature="afterMethod()[pri:0, instance:tesNGBasics.test1Class@470734c3]" started-at="2021-06-08T02:33:58Z" name="afterMethod" finished-at="2021-06-08T02:33:58Z" duration-ms="2" status="PASS">
          <reporter-output>
          </reporter-output>
        </test-method> <!-- afterMethod -->
        <test-method is-config="true" signature="afterClass()[pri:0, instance:tesNGBasics.test1Class@470734c3]" started-at="2021-06-08T02:33:58Z" name="afterClass" finished-at="2021-06-08T02:33:58Z" duration-ms="1" status="PASS">
          <reporter-output>
          </reporter-output>
        </test-method> <!-- afterClass -->
        <test-method is-config="true" signature="afterTest()[pri:0, instance:tesNGBasics.test1Class@470734c3]" started-at="2021-06-08T02:33:58Z" name="afterTest" finished-at="2021-06-08T02:33:58Z" duration-ms="0" status="PASS">
          <reporter-output>
          </reporter-output>
        </test-method> <!-- afterTest -->
        <test-method is-config="true" signature="afterSuite()[pri:0, instance:tesNGBasics.test1Class@470734c3]" started-at="2021-06-08T02:33:58Z" name="afterSuite" finished-at="2021-06-08T02:33:58Z" duration-ms="1" status="PASS">
          <reporter-output>
          </reporter-output>
        </test-method> <!-- afterSuite -->
      </class> <!-- tesNGBasics.test1Class -->
    </test> <!-- Default test -->
  </suite> <!-- Default suite -->
</testng-results>
