<?xml version="1.0" encoding="UTF-8"?>
<!-- Generated by org.testng.reporters.JUnitXMLReporter -->
<testsuite ignored="19" hostname="DESKTOP-CUU290R" failures="0" tests="5" name="testNGTest" time="0.143" errors="0" timestamp="15 Jun 2021 01:32:48 GMT">
  <testcase classname="tesNGBasics.testNGKeywords" name="method2" time="0.021"/>
  <testcase classname="tesNGBasics.testNGKeywords" name="method2" time="0.003"/>
  <testcase classname="tesNGBasics.testNGKeywords" name="method2" time="0.002"/>
  <testcase classname="tesNGBasics.testNGKeywords" name="method3" time="0.006"/>
  <testcase classname="tesNGBasics.testNGKeywords" name="method5" time="0.01"/>
  <testcase classname="tesNGBasics.test1Class" name="method1" time="0.0">
    <ignored/>
  </testcase> <!-- method1 -->
  <testcase classname="tesNGBasics.parameterization3" name="test1" time="0.0">
    <ignored/>
  </testcase> <!-- test1 -->
  <testcase classname="tesNGBasics.testNGAssertions" name="test1" time="0.0">
    <ignored/>
  </testcase> <!-- test1 -->
  <testcase classname="tesNGBasics.test1Class" name="method2" time="0.0">
    <ignored/>
  </testcase> <!-- method2 -->
  <testcase classname="tesNGBasics.test1Class" name="method3" time="0.0">
    <ignored/>
  </testcase> <!-- method3 -->
  <testcase classname="tesNGBasics.testNGAssertions" name="test7" time="0.0">
    <ignored/>
  </testcase> <!-- test7 -->
  <testcase classname="tesNGBasics.testNGAssertions" name="test9" time="0.0">
    <ignored/>
  </testcase> <!-- test9 -->
  <testcase classname="tesNGBasics.testNGAssertions" name="test6" time="0.0">
    <ignored/>
  </testcase> <!-- test6 -->
  <testcase classname="tesNGBasics.testNGKeywords" name="method4" time="0.0">
    <ignored/>
  </testcase> <!-- method4 -->
  <testcase classname="tesNGBasics.testNGAssertions" name="test3" time="0.0">
    <ignored/>
  </testcase> <!-- test3 -->
  <testcase classname="tesNGBasics.testNGAssertions" name="test8" time="0.0">
    <ignored/>
  </testcase> <!-- test8 -->
  <testcase classname="tesNGBasics.testNGListener" name="facebookLoginUser" time="0.0">
    <ignored/>
  </testcase> <!-- facebookLoginUser -->
  <testcase classname="tesNGBasics.testNGKeywords" name="method6" time="0.0">
    <ignored/>
  </testcase> <!-- method6 -->
  <testcase classname="tesNGBasics.testNGAssertions" name="test5" time="0.0">
    <ignored/>
  </testcase> <!-- test5 -->
  <testcase classname="tesNGBasics.testNGAssertions" name="test2" time="0.0">
    <ignored/>
  </testcase> <!-- test2 -->
  <testcase classname="tesNGBasics.testNGKeywords" name="method1" time="0.0">
    <ignored/>
  </testcase> <!-- method1 -->
  <testcase classname="tesNGBasics.testNGAssertions" name="test4" time="0.0">
    <ignored/>
  </testcase> <!-- test4 -->
  <testcase classname="tesNGBasics.parameterization3" name="test2" time="0.0">
    <ignored/>
  </testcase> <!-- test2 -->
  <testcase classname="tesNGBasics.testNGListener" name="facebookLoginPassword" time="0.0">
    <ignored/>
  </testcase> <!-- facebookLoginPassword -->
</testsuite> <!-- testNGTest -->
